{
  "RSpec": {
    "coverage": {
      "/home/useryilun/code/tiger-hill/rails7-api-project/app/models/user.rb": {
        "lines": [
          1,
          null,
          null,
          1,
          null,
          null,
          null,
          null,
          1,
          1,
          null,
          1,
          null
        ],
        "branches": {
        }
      },
      "/home/useryilun/code/tiger-hill/rails7-api-project/app/models/application_record.rb": {
        "lines": [
          1,
          1,
          null,
          1,
          52,
          null,
          null
        ],
        "branches": {
        }
      },
      "/home/useryilun/code/tiger-hill/rails7-api-project/app/models/jwt_denylist.rb": {
        "lines": [
          1,
          1,
          null,
          1,
          null
        ],
        "branches": {
        }
      },
      "/home/useryilun/code/tiger-hill/rails7-api-project/app/models/user_detail.rb": {
        "lines": [
          1,
          1,
          1,
          1,
          1,
          null
        ],
        "branches": {
        }
      },
      "/home/useryilun/code/tiger-hill/rails7-api-project/app/policies/user_detail_policy.rb": {
        "lines": [
          1,
          1,
          null,
          null,
          null,
          null,
          null,
          null,
          1,
          3,
          null,
          null,
          1,
          2,
          null,
          null
        ],
        "branches": {
        }
      },
      "/home/useryilun/code/tiger-hill/rails7-api-project/app/policies/application_policy.rb": {
        "lines": [
          null,
          null,
          1,
          1,
          null,
          1,
          3,
          3,
          null,
          null,
          1,
          0,
          null,
          null,
          1,
          0,
          null,
          null,
          1,
          0,
          null,
          null,
          1,
          0,
          null,
          null,
          1,
          0,
          null,
          null,
          1,
          0,
          null,
          null,
          1,
          0,
          null,
          null,
          1,
          1,
          0,
          0,
          null,
          null,
          1,
          0,
          null,
          null,
          1,
          null,
          1,
          null,
          null
        ],
        "branches": {
        }
      },
      "/home/useryilun/code/tiger-hill/rails7-api-project/app/controllers/api/v1/user_details_controller.rb": {
        "lines": [
          1,
          1,
          null,
          1,
          1,
          null,
          1,
          null,
          null,
          null,
          null,
          1,
          2,
          null,
          2,
          1,
          null,
          null,
          null,
          1,
          null,
          null,
          null,
          null,
          null,
          1,
          null,
          1,
          3,
          null,
          null,
          1,
          2,
          null,
          null,
          null,
          null,
          null,
          null
        ],
        "branches": {
          "[:if, 0, 15, 4, 23, 7]": {
            "[:then, 1, 16, 6, 18, 25]": 1,
            "[:else, 2, 20, 6, 22, 19]": 1
          }
        }
      },
      "/home/useryilun/code/tiger-hill/rails7-api-project/app/controllers/application_controller.rb": {
        "lines": [
          1,
          1,
          1,
          null,
          null,
          1,
          1,
          null,
          1,
          1,
          0,
          null,
          null,
          null,
          null,
          1,
          null,
          1,
          4,
          null,
          null
        ],
        "branches": {
        }
      },
      "/home/useryilun/code/tiger-hill/rails7-api-project/app/controllers/users/sessions_controller.rb": {
        "lines": [
          1,
          1,
          null,
          1,
          3,
          1,
          1,
          1,
          null,
          null,
          null,
          null,
          null,
          1,
          0,
          0,
          0,
          null,
          null,
          1,
          null,
          1,
          null,
          1,
          0,
          null,
          0,
          null,
          null,
          1,
          0,
          null,
          null,
          null,
          null,
          1,
          0,
          null,
          null,
          null,
          null
        ],
        "branches": {
          "[:if, 0, 7, 4, 7, 34]": {
            "[:then, 1, 7, 4, 7, 18]": 0,
            "[:else, 2, 7, 4, 7, 34]": 1
          },
          "[:if, 3, 15, 18, 15, 81]": {
            "[:then, 4, 15, 47, 15, 55]": 0,
            "[:else, 5, 15, 58, 15, 81]": 0
          },
          "[:if, 6, 16, 4, 16, 25]": {
            "[:then, 7, 16, 4, 16, 9]": 0,
            "[:else, 8, 16, 4, 16, 25]": 0
          },
          "[:if, 9, 25, 6, 25, 47]": {
            "[:then, 10, 25, 6, 25, 31]": 0,
            "[:else, 11, 25, 6, 25, 47]": 0
          }
        }
      },
      "/home/useryilun/code/tiger-hill/rails7-api-project/app/resources/serializable_user.rb": {
        "lines": [
          1,
          1,
          null,
          2,
          null,
          1,
          null,
          1,
          null,
          null
        ],
        "branches": {
        }
      },
      "/home/useryilun/code/tiger-hill/rails7-api-project/app/resources/serializable_user_detail.rb": {
        "lines": [
          1,
          1,
          null,
          5,
          null,
          1,
          null,
          1,
          null,
          null,
          null,
          null,
          null
        ],
        "branches": {
        }
      },
      "/home/useryilun/code/tiger-hill/rails7-api-project/app/channels/application_cable/channel.rb": {
        "lines": [
          0,
          0,
          0,
          0
        ],
        "branches": {
        }
      },
      "/home/useryilun/code/tiger-hill/rails7-api-project/app/channels/application_cable/connection.rb": {
        "lines": [
          0,
          0,
          0,
          0
        ],
        "branches": {
        }
      },
      "/home/useryilun/code/tiger-hill/rails7-api-project/app/controllers/concerns/rack_session_fix.rb": {
        "lines": [
          0,
          0,
          0,
          0,
          0,
          0,
          0,
          0,
          0,
          0,
          0,
          0,
          0,
          0,
          0
        ],
        "branches": {
        }
      },
      "/home/useryilun/code/tiger-hill/rails7-api-project/app/controllers/users/registrations_controller.rb": {
        "lines": [
          null,
          null,
          0,
          0,
          0,
          0,
          0,
          null,
          0,
          0,
          0,
          0,
          0,
          null,
          0,
          0,
          0,
          0,
          null,
          0,
          0,
          0,
          0,
          0,
          0,
          0,
          0,
          0,
          0,
          0,
          0,
          0,
          null,
          0,
          0,
          0,
          0,
          0,
          0,
          0,
          0,
          0,
          0,
          0,
          0,
          0,
          null,
          0,
          0,
          0,
          0,
          0,
          0,
          0,
          0,
          0,
          null,
          0,
          0,
          0,
          0,
          0,
          null,
          0,
          0,
          null,
          0,
          null,
          0,
          null,
          0,
          0,
          0,
          null,
          0,
          0,
          0,
          null,
          0,
          null,
          0
        ],
        "branches": {
        }
      },
      "/home/useryilun/code/tiger-hill/rails7-api-project/app/mailers/application_mailer.rb": {
        "lines": [
          0,
          0,
          0,
          0
        ],
        "branches": {
        }
      }
    },
    "timestamp": 1685661572
  }
}
