{
  "RSpec": {
    "coverage": {
      "/home/chenyilun/code/tiger-hill/rails7-api-project/app/models/user.rb": {
        "lines": [
          1,
          null,
          null,
          1,
          null,
          null,
          null,
          null,
          1,
          1,
          null,
          1,
          null
        ],
        "branches": {
        }
      },
      "/home/chenyilun/code/tiger-hill/rails7-api-project/app/models/application_record.rb": {
        "lines": [
          1,
          1,
          null,
          1,
          53,
          null,
          null
        ],
        "branches": {
        }
      },
      "/home/chenyilun/code/tiger-hill/rails7-api-project/app/models/jwt_denylist.rb": {
        "lines": [
          1,
          1,
          null,
          1,
          null
        ],
        "branches": {
        }
      },
      "/home/chenyilun/code/tiger-hill/rails7-api-project/app/models/user_detail.rb": {
        "lines": [
          1,
          1,
          1,
          1,
          1,
          null
        ],
        "branches": {
        }
      },
      "/home/chenyilun/code/tiger-hill/rails7-api-project/app/policies/user_detail_policy.rb": {
        "lines": [
          1,
          1,
          null,
          null,
          null,
          null,
          null,
          null,
          1,
          3,
          null,
          null,
          1,
          2,
          null,
          null
        ],
        "branches": {
        }
      },
      "/home/chenyilun/code/tiger-hill/rails7-api-project/app/policies/application_policy.rb": {
        "lines": [
          null,
          null,
          1,
          1,
          null,
          1,
          3,
          3,
          null,
          null,
          1,
          0,
          null,
          null,
          1,
          0,
          null,
          null,
          1,
          0,
          null,
          null,
          1,
          0,
          null,
          null,
          1,
          0,
          null,
          null,
          1,
          0,
          null,
          null,
          1,
          0,
          null,
          null,
          1,
          1,
          0,
          0,
          null,
          null,
          1,
          0,
          null,
          null,
          1,
          null,
          1,
          null,
          null
        ],
        "branches": {
        }
      },
      "/home/chenyilun/code/tiger-hill/rails7-api-project/app/controllers/api/v1/user_details_controller.rb": {
        "lines": [
          1,
          1,
          null,
          1,
          1,
          null,
          1,
          1,
          1,
          null,
          1,
          null,
          null,
          1,
          2,
          null,
          2,
          2,
          1,
          1,
          null,
          1,
          null,
          1,
          1,
          null,
          1,
          null,
          null,
          null,
          1,
          null,
          1,
          3,
          null,
          null,
          1,
          2,
          null,
          null,
          null,
          null,
          null,
          null
        ],
        "branches": {
          "[:if, 0, 18, 4, 28, 7]": {
            "[:then, 1, 19, 6, 22, 41]": 1,
            "[:else, 2, 24, 6, 27, 41]": 1
          }
        }
      },
      "/home/chenyilun/code/tiger-hill/rails7-api-project/app/controllers/application_controller.rb": {
        "lines": [
          1,
          1,
          1,
          null,
          null,
          1,
          1,
          null,
          1,
          1,
          0,
          null,
          null,
          null,
          null,
          1,
          null,
          1,
          4,
          null,
          null
        ],
        "branches": {
        }
      },
      "/home/chenyilun/code/tiger-hill/rails7-api-project/app/controllers/users/sessions_controller.rb": {
        "lines": [
          1,
          1,
          null,
          1,
          3,
          1,
          1,
          null,
          1,
          1,
          1,
          null,
          1,
          null,
          null,
          1,
          0,
          0,
          0,
          null,
          null,
          1,
          null,
          1,
          null,
          1,
          0,
          0,
          null,
          null,
          1,
          0,
          0,
          0,
          null,
          0,
          null,
          null,
          1,
          0,
          0,
          0,
          null,
          0,
          null,
          null
        ],
        "branches": {
          "[:if, 0, 7, 4, 7, 34]": {
            "[:then, 1, 7, 4, 7, 18]": 0,
            "[:else, 2, 7, 4, 7, 34]": 1
          },
          "[:if, 3, 17, 18, 17, 81]": {
            "[:then, 4, 17, 47, 17, 55]": 0,
            "[:else, 5, 17, 58, 17, 81]": 0
          },
          "[:if, 6, 18, 4, 18, 25]": {
            "[:then, 7, 18, 4, 18, 9]": 0,
            "[:else, 8, 18, 4, 18, 25]": 0
          },
          "[:if, 9, 27, 4, 27, 45]": {
            "[:then, 10, 27, 4, 27, 29]": 0,
            "[:else, 11, 27, 4, 27, 45]": 0
          }
        }
      },
      "/home/chenyilun/code/tiger-hill/rails7-api-project/app/serializers/user_serializer.rb": {
        "lines": [
          1,
          1,
          null,
          1,
          null,
          1,
          null,
          1,
          null
        ],
        "branches": {
        }
      },
      "/home/chenyilun/code/tiger-hill/rails7-api-project/app/serializers/user_detail_serializer.rb": {
        "lines": [
          1,
          1,
          null,
          1,
          1,
          null,
          1,
          null
        ],
        "branches": {
        }
      },
      "/home/chenyilun/code/tiger-hill/rails7-api-project/app/channels/application_cable/channel.rb": {
        "lines": [
          0,
          0,
          0,
          0
        ],
        "branches": {
        }
      },
      "/home/chenyilun/code/tiger-hill/rails7-api-project/app/channels/application_cable/connection.rb": {
        "lines": [
          0,
          0,
          0,
          0
        ],
        "branches": {
        }
      },
      "/home/chenyilun/code/tiger-hill/rails7-api-project/app/controllers/concerns/rack_session_fix.rb": {
        "lines": [
          0,
          0,
          0,
          0,
          0,
          0,
          0,
          0,
          0,
          0,
          0,
          0,
          0,
          0,
          0
        ],
        "branches": {
        }
      },
      "/home/chenyilun/code/tiger-hill/rails7-api-project/app/controllers/users/registrations_controller.rb": {
        "lines": [
          null,
          null,
          0,
          0,
          0,
          0,
          0,
          null,
          0,
          0,
          0,
          0,
          0,
          null,
          0,
          0,
          0,
          0,
          null,
          0,
          0,
          0,
          0,
          0,
          0,
          0,
          0,
          0,
          0,
          0,
          0,
          0,
          null,
          0,
          0,
          0,
          0,
          0,
          0,
          0,
          0,
          0,
          0,
          0,
          0,
          0,
          null,
          0,
          0,
          0,
          0,
          0,
          0,
          0,
          0,
          0,
          null,
          0,
          0,
          0,
          0,
          0,
          null,
          0,
          0,
          null,
          0,
          null,
          0,
          null,
          0,
          0,
          0,
          null,
          0,
          0,
          0,
          null,
          0,
          null,
          0
        ],
        "branches": {
        }
      },
      "/home/chenyilun/code/tiger-hill/rails7-api-project/app/mailers/application_mailer.rb": {
        "lines": [
          0,
          0,
          0,
          0
        ],
        "branches": {
        }
      }
    },
    "timestamp": 1740909448
  }
}
